<?xml version="1.0" encoding="UTF-8"?>
<!-- Generated by org.testng.reporters.JUnitXMLReporter -->
<testsuite ignored="0" hostname="DELL-SUTTON" failures="0" tests="2" name="Default test" time="28.118" errors="0" timestamp="2022-12-11T19:09:10 EST">
  <testcase classname="cucumber.api.testng.AbstractTestNGCucumberTests" name="runScenario" time="23.838"/>
  <testcase classname="cucumber.api.testng.AbstractTestNGCucumberTests" name="runScenario" time="4.146">
    <skipped/>
  </testcase> <!-- runScenario -->
</testsuite> <!-- Default test -->
