<?xml version="1.0" encoding="UTF-8"?>
<!-- Generated by org.testng.reporters.JUnitXMLReporter -->
<testsuite ignored="0" hostname="DELL-SUTTON" failures="0" tests="3" name="Test" time="92.72" errors="0" timestamp="2022-11-20T10:42:38 EST">
  <testcase classname="learnParameters.Parameters_CreateLead" name="createLead" time="14.568"/>
  <testcase classname="learnParameters.Parameters_CreateLead" name="createLead" time="13.611"/>
  <testcase classname="learnParameters.Parameters_CreateLead" name="createLead" time="11.412"/>
</testsuite> <!-- Test -->
